生成启动时间为 2016/5/25 20:07:52。
     1>项目“E:\vs2010project\MakeLogFile\MakeLogFile\MakeLogFile.vcxproj”在节点 2 上(build 个目标)。
     1>InitializeBuildStatus:
         正在创建“Debug\MakeLogFile.unsuccessfulbuild”，因为已指定“AlwaysCreate”。
       ClCompile:
         所有输出均为最新。
         I:\vs2010\VC\bin\CL.exe /c /ZI /nologo /W3 /WX- /Od /Oy- /D WIN32 /D _WINDOWS /D _DEBUG /D _UNICODE /D UNICODE /D _AFXDLL /Gm /EHsc /RTC1 /MDd /GS /fp:precise /Zc:wchar_t /Zc:forScope /Yu"StdAfx.h" /Fp"Debug\MakeLogFile.pch" /Fo"Debug\\" /Fd"Debug\vc100.pdb" /Gd /TP /analyze- /errorReport:prompt MakeLogFileDlg.cpp
         MakeLogFileDlg.cpp
       ResourceCompile:
         所有输出均为最新。
       ManifestResourceCompile:
         所有输出均为最新。
       Link:
         I:\vs2010\VC\bin\link.exe /ERRORREPORT:PROMPT /OUT:"E:\vs2010project\MakeLogFile\Debug\MakeLogFile.exe" /INCREMENTAL /NOLOGO opencv_ts300d.lib opencv_world300d.lib /MANIFEST /ManifestFile:"Debug\MakeLogFile.exe.intermediate.manifest" /MANIFESTUAC:"level='asInvoker' uiAccess='false'" /DEBUG /PDB:"E:\vs2010project\MakeLogFile\Debug\MakeLogFile.pdb" /SUBSYSTEM:WINDOWS /TLBID:1 /ENTRY:"wWinMainCRTStartup" /DYNAMICBASE /NXCOMPAT /IMPLIB:"E:\vs2010project\MakeLogFile\Debug\MakeLogFile.lib" /MACHINE:X86 Debug\MakeLogFile.res
         Debug\MakeLogFile.exe.embed.manifest.res
         Debug\LogFile.obj
         Debug\MakeLogFile.obj
         Debug\MakeLogFileDlg.obj
         Debug\stdafx.obj
       Manifest:
         C:\Program Files (x86)\Microsoft SDKs\Windows\v7.0A\bin\mt.exe /nologo /verbose /out:"Debug\MakeLogFile.exe.embed.manifest" /manifest Debug\MakeLogFile.exe.intermediate.manifest I:\vs2010\VC\Include\Manifest\dpiaware.manifest
         所有输出均为最新。
       LinkEmbedManifest:
         所有输出均为最新。
         MakeLogFile.vcxproj -> E:\vs2010project\MakeLogFile\Debug\MakeLogFile.exe
       FinalizeBuildStatus:
         正在删除文件“Debug\MakeLogFile.unsuccessfulbuild”。
         正在对“Debug\MakeLogFile.lastbuildstate”执行 Touch 任务。
     1>已完成生成项目“E:\vs2010project\MakeLogFile\MakeLogFile\MakeLogFile.vcxproj”(build 个目标)的操作。

生成成功。

已用时间 00:00:01.58
